d:\_vs_projects\games\_mycoolgames\ravenholm_v11\main\debug\bullet.obj
d:\_vs_projects\games\_mycoolgames\ravenholm_v11\main\debug\menu.obj
d:\_vs_projects\games\_mycoolgames\ravenholm_v11\main\debug\aquarium.obj
d:\_vs_projects\games\_mycoolgames\ravenholm_v11\main\debug\main.obj
d:\_vs_projects\games\_mycoolgames\ravenholm_v11\main\debug\unitsactions.obj
d:\_vs_projects\games\_mycoolgames\ravenholm_v11\main\debug\utils.obj
d:\_vs_projects\games\_mycoolgames\ravenholm_v11\main\debug\gameobject.obj
d:\_vs_projects\games\_mycoolgames\ravenholm_v11\main\debug\military.obj
d:\_vs_projects\games\_mycoolgames\ravenholm_v11\main\debug\opengllib.obj
d:\_vs_projects\games\_mycoolgames\ravenholm_v11\main\debug\zombie.obj
d:\_vs_projects\games\_mycoolgames\ravenholm_v11\main\debug\game.obj
d:\_vs_projects\games\_mycoolgames\ravenholm_v11\main\debug\gameover.obj
d:\_vs_projects\games\_mycoolgames\ravenholm_v11\main\debug\vc141.pdb
d:\_vs_projects\games\_mycoolgames\ravenholm_v11\main\debug\vc141.idb
d:\_vs_projects\games\_mycoolgames\ravenholm_v11\debug\main.exe
d:\_vs_projects\games\_mycoolgames\ravenholm_v11\debug\main.ilk
d:\_vs_projects\games\_mycoolgames\ravenholm_v11\debug\main.pdb
d:\_vs_projects\games\_mycoolgames\ravenholm_v11\main\debug\game.obj.enc
d:\_vs_projects\games\_mycoolgames\ravenholm_v11\main\debug\main.obj.enc
d:\_vs_projects\games\_mycoolgames\ravenholm_v11\main\debug\menu.obj.enc
d:\_vs_projects\games\_mycoolgames\ravenholm_v11\main\debug\main.tlog\cl.command.1.tlog
d:\_vs_projects\games\_mycoolgames\ravenholm_v11\main\debug\main.tlog\cl.read.1.tlog
d:\_vs_projects\games\_mycoolgames\ravenholm_v11\main\debug\main.tlog\cl.write.1.tlog
d:\_vs_projects\games\_mycoolgames\ravenholm_v11\main\debug\main.tlog\link.command.1.tlog
d:\_vs_projects\games\_mycoolgames\ravenholm_v11\main\debug\main.tlog\link.read.1.tlog
d:\_vs_projects\games\_mycoolgames\ravenholm_v11\main\debug\main.tlog\link.write.1.tlog
